<?xml version="1.0" encoding="UTF-8"?>
<!-- Generated by org.testng.reporters.JUnitReportReporter -->
<testsuite hostname="Lenovo" failures="0" tests="1" name="admintest.visitortest" time="12.143" errors="0" timestamp="2021-11-01T12:48:43 IST" skipped="0">
  <testcase classname="admintest.visitortest" name="addvistortest" time="12.143"/>
  <system-out/>
</testsuite> <!-- admintest.visitortest -->
