<?xml version="1.0" encoding="UTF-8"?>
<!-- Generated by org.testng.reporters.JUnitReportReporter -->
<testsuite hostname="Lenovo" failures="0" tests="1" name="admintest.dashboardtest" time="4.207" errors="0" timestamp="2021-10-31T21:22:29 IST" skipped="0">
  <testcase classname="admintest.dashboardtest" name="dashboardtest" time="4.207"/>
  <system-out/>
</testsuite> <!-- admintest.dashboardtest -->
