<?xml version="1.0" encoding="UTF-8"?>
<!-- Generated by org.testng.reporters.JUnitReportReporter -->
<testsuite hostname="Lenovo" failures="0" tests="1" name="admintest.logintest" time="21.655" errors="0" timestamp="2021-10-31T19:05:27 IST" skipped="0">
  <testcase classname="admintest.logintest" name="login" time="21.655"/>
  <system-out/>
</testsuite> <!-- admintest.logintest -->
